-------------------- 
cmd=cddb query af0b1e0c 12 150 19575 35775 55275 73950 92400 111976 130500 149475 168300 186300 192975 2848
-------------------- time=7 seconds

-------------------- 
cmd=cddb query af0b1e0c 12 150 19575 35775 55275 73950 92400 111976 130500 149475 168300 186300 192975 2848
-------------------- time=6 seconds

-------------------- 
cmd=cddb query af0b1e0c 12 150 19575 35775 55275 73950 92400 111976 130500 149475 168300 186300 192975 2848
-------------------- time=7 seconds

-------------------- 
cmd=cddb query af0b1e0c 12 150 19575 35775 55275 73950 92400 111976 130500 149475 168300 186300 192975 2848
-------------------- time=7 seconds

-------------------- 
cmd=cddb query b00b650c 12 183 19623 38088 57403 79205 93380 110873 128430 149163 164818 183345 200068 2919
-------------------- time=2 seconds

-------------------- 
cmd=cddb query b00b650c 12 183 19623 38088 57403 79205 93380 110873 128430 149163 164818 183345 200068 2919
-------------------- time=2 seconds

-------------------- 
cmd=cddb query b00b650c 12 183 19623 38088 57403 79205 93380 110873 128430 149163 164818 183345 200068 2919
-------------------- time=2 seconds

-------------------- 
cmd=cddb query af0b1e0c 12 150 19575 35775 55275 73950 92400 111976 130500 149475 168300 186300 192975 2848
-------------------- time=4 seconds

-------------------- 
cmd=cddb query af0b1e0c 12 150 19575 35775 55275 73950 92400 111976 130500 149475 168300 186300 192975 2848
-------------------- time=3 seconds

-------------------- 
cmd=cddb query af0b1e0c 12 150 19575 35775 55275 73950 92400 111975 130500 149475 168300 186300 192975 2848
-------------------- time=4 seconds

-------------------- 
cmd=cddb query af0b1e0c 12 150 19575 35775 55275 73950 92400 111975 130500 149475 168300 186300 192975 2848
-------------------- time=10 seconds

-------------------- 
cmd=cddb read rock ad0b1c0c
-------------------- time=0 seconds

-------------------- 
cmd=cddb query af0b1e0c 12 150 19575 35775 55275 73950 92400 111976 130500 149475 168300 186300 192975 2848
-------------------- time=8 seconds

-------------------- 
cmd=cddb query af0b1e0c 12 150 19575 35775 55275 73950 92400 111976 130500 149475 168300 186300 192975 2848
-------------------- time=7 seconds

-------------------- 
cmd=cddb query af0b1e0c 12 150 19575 35775 55275 73950 92400 111975 130500 149475 168300 186300 192975 2848
-------------------- time=7 seconds

-------------------- 
cmd=cddb read rock ad0b1c0c
-------------------- 
cmd=cddb query af0b1e0c 12 150 19575 35775 55275 73950 92400 111976 130500 149475 168300 186300 192975 2848
-------------------- time=8 seconds

-------------------- 
cmd=cddb query af0b1e0c 12 150 19575 35775 55275 73950 92400 111976 130500 149475 168300 186300 192975 2848
-------------------- time=7 seconds

-------------------- 
cmd=cddb query af0b1e0c 12 150 19575 35775 55275 73950 92400 111976 130500 149475 168300 186300 192975 2848
-------------------- time=6 seconds

-------------------- 
cmd=cddb query af0b1e0c 12 150 19575 35775 55275 73950 92400 111976 130500 149475 168300 186300 192975 2848
-------------------- time=7 seconds

-------------------- 
cmd=cddb query af0b1e0c 12 150 19575 35775 55275 73950 92400 111976 130500 149475 168300 186300 192975 2848
-------------------- time=7 seconds

-------------------- 
cmd=cddb query af0b1e0c 12 150 19575 35775 55275 73950 92400 111976 130500 149475 168300 186300 192975 2848
-------------------- time=7 seconds

-------------------- 
cmd=cddb query af0b1e0c 12 150 19575 35775 55275 73950 92400 111975 130500 149475 168300 186300 192975 2848
-------------------- time=8 seconds

-------------------- 
cmd=cddb read rock ad0b1c0c
-------------------- time=0 seconds

-------------------- 
cmd=cddb query f9102f11 17 150 10650 29325 44100 54675 71100 90300 110550 129750 145875 164100 176850 198975 214800 231225 250875 272250 4145
-------------------- time=7 seconds

-------------------- 
cmd=cddb query ed0e2c10 16 150 10650 29325 44100 54675 71100 90300 110550 129750 145875 164100 176850 198975 214800 231225 250875 3630
-------------------- time=7 seconds

-------------------- 
cmd=cddb query f20e2c10 16 150 10650 29325 44100 54675 71100 90300 110550 129750 145875 164100 176850 198975 214800 231225 252600 3630
-------------------- time=8 seconds

-------------------- 
cmd=cddb query fe102f11 17 150 10650 29325 44100 54675 71100 90300 110550 129750 145875 164100 176850 198975 214800 231225 252600 272250 4145
-------------------- time=5 seconds

-------------------- 
cmd=cddb query f20e2c10 16 150 10650 29325 44100 54675 71100 90300 110550 129750 145875 164100 176850 198975 214800 231225 252600 3630
-------------------- time=5 seconds

-------------------- 
cmd=cddb read misc 000e2b10
-------------------- time=0 seconds

-------------------- 
cmd=cddb query f20e2c10 16 150 10650 29325 44100 54675 71100 90300 110550 129750 145875 164100 176850 198975 214800 231225 252600 3630
-------------------- time=8 seconds

-------------------- 
cmd=cddb query f20e2c10 16 150 10650 29325 44100 54675 71100 90300 110550 129750 145875 164100 176850 198975 214800 231225 252600 3630
-------------------- time=11 seconds

-------------------- 
cmd=cddb query f20e2c10 16 150 10650 29325 44100 54675 71100 90300 110550 129750 145875 164100 176850 198975 214800 231225 252600 3630
-------------------- time=7 seconds

-------------------- 
cmd=cddb query f20f2910 16 150 10650 29325 44100 54675 71100 90300 110550 129750 145875 164100 176850 198975 214800 231225 252600 3883
-------------------- time=7 seconds

-------------------- 
cmd=cddb query af0b1e0c 12 150 19575 35775 55275 73950 92400 111976 130500 149475 168300 186300 192975 2848
-------------------- time=11 seconds

-------------------- 
cmd=cddb query af0b1e0c 12 150 19575 35775 55275 73950 92400 111976 130500 149475 168300 186300 192975 2848
-------------------- time=6.95327091217 seconds

-------------------- 
cmd=cddb query af0b1e0c 12 150 19575 35775 55275 73950 92400 111976 130500 149475 168300 186300 192975 2848
-------------------- time=6.90423798561 seconds

-------------------- 
cmd=cddb query af0b1e0c 12 150 19575 35775 55275 73950 92400 111976 130500 149475 168300 186300 192975 2848
-------------------- time=6.91101384163 seconds

-------------------- 
cmd=cddb query af0b1e0c 12 150 19575 35775 55275 73950 92400 111976 130500 149475 168300 186300 192975 2848
-------------------- time=10.9588189125 seconds

-------------------- 
cmd=cddb query af0b1e0c 12 150 19575 35775 55275 73950 92400 111976 130500 149475 168300 186300 192975 2848
-------------------- time=7.87186217308 seconds

-------------------- 
cmd=cddb query af0b1e0c 12 150 19575 35775 55275 73950 92400 111976 130500 149475 168300 186300 192975 2848
-------------------- time=6.05692100525 seconds

-------------------- 
cmd=cddb query af0b1e0c 12 150 19575 35775 55275 73950 92400 111976 130500 149475 168300 186300 192975 2848
-------------------- time=6.03406691551 seconds

-------------------- 
cmd=cddb query af0b1e0c 12 150 19575 35775 55275 73950 92400 111976 130500 149475 168300 186300 192975 2848
-------------------- time=6.02113389969 seconds

-------------------- 
cmd=cddb query af0b1e0c 12 150 19575 35775 55275 73950 92400 111976 130500 149475 168300 186300 192975 2848
-------------------- time=6.01832509041 seconds

-------------------- 
cmd=cddb query af0b1e0c 12 150 19575 35775 55275 73950 92400 111976 130500 149475 168300 186300 192975 2848
-------------------- 
cmd=cddb query af0b1e0c 12 150 19575 35775 55275 73950 92400 111976 130500 149475 168300 186300 192975 2848
-------------------- time=7.36566591263 seconds

-------------------- 
cmd=cddb query af0b1e0c 12 150 19575 35775 55275 73950 92400 111976 130500 149475 168300 186300 192975 2848
-------------------- time=5.29076385498 seconds

-------------------- 
cmd=cddb query af0b1e0c 12 150 19575 35775 55275 73950 92400 111976 130500 149475 168300 186300 192975 2848
-------------------- time=5.26362514496 seconds

-------------------- 
cmd=cddb query af0b1e0c 12 150 19575 35775 55275 73950 92400 111976 130500 149475 168300 186300 192975 2848
-------------------- time=5.23919820786 seconds

-------------------- 
cmd=cddb query af0b1e0c 12 150 19575 35775 55275 73950 92400 111976 130500 149475 168300 186300 192975 2848
-------------------- time=6.19598293304 seconds

-------------------- 
cmd=cddb query af0b1e0c 12 150 19575 35775 55275 73950 92400 111976 130500 149475 168300 186300 192975 2848
-------------------- time=5.24789905548 seconds

-------------------- 
cmd=cddb query af0b1e0c 12 150 19575 35775 55275 73950 92400 111976 130500 149475 168300 186300 192975 2848
-------------------- time=5.23227405548 seconds

-------------------- 
cmd=cddb query af0b1e0c 12 150 19575 35775 55275 73950 92400 111976 130500 149475 168300 186300 192975 2848
-------------------- time=5.23202490807 seconds

-------------------- 
cmd=cddb query af0b1e0c 12 150 19575 35775 55275 73950 92400 111976 130500 149475 168300 186300 192975 2848
-------------------- time=5.25547003746 seconds

-------------------- 
cmd=cddb query af0b1e0c 12 150 19575 35775 55275 73950 92400 111976 130500 149475 168300 186300 192975 2848
-------------------- time=5.31310081482 seconds

-------------------- 
cmd=cddb query af0b1e0c 12 150 19575 35775 55275 73950 92400 111976 130500 149475 168300 186300 192975 2848
-------------------- time=5.23065590858 seconds

-------------------- 
cmd=cddb query af0b1e0c 12 150 19575 35775 55275 73950 92400 111976 130500 149475 168300 186300 192975 2848
-------------------- time=5.25946497917 seconds

-------------------- 
cmd=cddb query af0b1e0c 12 150 19575 35775 55275 73950 92400 111976 130500 149475 168300 186300 192975 2848
-------------------- time=5.2578959465 seconds

-------------------- 
cmd=cddb query af0b1e0c 12 150 19575 35775 55275 73950 92400 111976 130500 149475 168300 186300 192975 2848
-------------------- time=6.95914888382 seconds

-------------------- 
cmd=cddb query af0b1e0c 12 150 19575 35775 55275 73950 92400 111976 130500 149475 168300 186300 192975 2848
-------------------- time=5.29157400131 seconds

-------------------- 
cmd=cddb query af0b1e0c 12 150 19575 35775 55275 73950 92400 111976 130500 149475 168300 186300 192975 2848
-------------------- time=5.2889919281 seconds

-------------------- 
cmd=cddb query af0b1e0c 12 150 19575 35775 55275 73950 92400 111976 130500 149475 168300 186300 192975 2848
-------------------- time=5.29140400887 seconds

-------------------- 
cmd=cddb query af0b1e0c 12 150 19575 35775 55275 73950 92400 111976 130500 149475 168300 186300 192975 2848
-------------------- time=5.30783414841 seconds

-------------------- 
cmd=cddb query af0b1e0c 12 150 19575 35775 55275 73950 92400 111976 130500 149475 168300 186300 192975 2848
-------------------- time=5.30765891075 seconds

-------------------- 
cmd=cddb query af0b1e0c 12 150 19575 35775 55275 73950 92400 111976 130500 149475 168300 186300 192975 2848
-------------------- time=5.28898096085 seconds

-------------------- 
cmd=cddb query af0b1e0c 12 150 19575 35775 55275 73950 92400 111976 130500 149475 168300 186300 192975 2848
-------------------- time=6.26672697067 seconds

-------------------- 
cmd=cddb query af0b1e0c 12 150 19575 35775 55275 73950 92400 111976 130500 149475 168300 186300 192975 2848
-------------------- time=5.64508891106 seconds

-------------------- 
cmd=cddb query af0b1e0c 12 150 19575 35775 55275 73950 92400 111976 130500 149475 168300 186300 192975 2848
-------------------- time=5.57495212555 seconds

-------------------- 
cmd=cddb query af0b1e0c 12 150 19575 35775 55275 73950 92400 111976 130500 149475 168300 186300 192975 2848
-------------------- time=3.67786407471 seconds

-------------------- 
cmd=cddb query af0b1e0c 12 150 19575 35775 55275 73950 92400 111976 130500 149475 168300 186300 192975 2848
-------------------- time=3.61210584641 seconds

-------------------- 
cmd=cddb query af0b1e0c 12 150 19575 35775 55275 73950 92400 111976 130500 149475 168300 186300 192975 2848
-------------------- time=5.55405306816 seconds

-------------------- 
cmd=cddb query af0b1e0c 12 150 19575 35775 55275 73950 92400 111976 130500 149475 168300 186300 192975 2848
-------------------- time=3.48949193954 seconds

-------------------- 
cmd=cddb query af0b1e0c 12 150 19575 35775 55275 73950 92400 111976 130500 149475 168300 186300 192975 2848
-------------------- time=3.51507306099 seconds

-------------------- 
cmd=cddb query af0b1e0c 12 150 19575 35775 55275 73950 92400 111976 130500 149475 168300 186300 192975 2848
-------------------- time=3.21180295944 seconds

-------------------- 
cmd=cddb query af0b1e0c 12 150 19575 35775 55275 73950 92400 111976 130500 149475 168300 186300 192975 2848
-------------------- time=3.2211830616 seconds

-------------------- 
cmd=cddb query af0b1e0c 12 150 19575 35775 55275 73950 92400 111976 130500 149475 168300 186300 192975 2848
-------------------- time=5.67161893845 seconds

-------------------- 
cmd=cddb query af0b1e0c 12 150 19575 35775 55275 73950 92400 111976 130500 149475 168300 186300 192975 2848
-------------------- time=3.31807589531 seconds

-------------------- 
cmd=cddb query af0b1e0c 12 150 19575 35775 55275 73950 92400 111976 130500 149475 168300 186300 192975 2848
-------------------- time=3.31527090073 seconds

-------------------- 
cmd=cddb query af0b1e0c 12 150 19575 35775 55275 73950 92400 111976 130500 149475 168300 186300 192975 2848
-------------------- time=3.32272005081 seconds

-------------------- 
cmd=cddb query af0b1e0c 12 150 19575 35775 55275 73950 92400 111976 130500 149475 168300 186300 192975 2848
-------------------- time=3.33416509628 seconds

-------------------- 
cmd=cddb query af0b1e0c 12 150 19575 35775 55275 73950 92400 111976 130500 149475 168300 186300 192975 2848
-------------------- time=6.91664505005 seconds

-------------------- 
cmd=cddb query af0b1e0c 12 150 19575 35775 55275 73950 92400 111976 130500 149475 168300 186300 192975 2848
-------------------- time=3.31798005104 seconds

-------------------- 
cmd=cddb query af0b1e0c 12 150 19575 35775 55275 73950 92400 111976 130500 149475 168300 186300 192975 2848
-------------------- time=3.33575510979 seconds

-------------------- 
cmd=cddb query af0b1e0c 12 150 19575 35775 55275 73950 92400 111976 130500 149475 168300 186300 192975 2848
-------------------- time=3.34416699409 seconds

-------------------- 
cmd=cddb query af0b1e0c 12 150 19575 35775 55275 73950 92400 111976 130500 149475 168300 186300 192975 2848
-------------------- time=3.34520220757 seconds

-------------------- 
cmd=cddb query af0b1e0c 12 150 19575 35775 55275 73950 92400 111976 130500 149475 168300 186300 192975 2848
-------------------- time=3.34367799759 seconds

-------------------- 
cmd=cddb query af0b1e0c 12 150 19575 35775 55275 73950 92400 111976 130500 149475 168300 186300 192975 2848
-------------------- time=3.31940984726 seconds

-------------------- 
cmd=cddb query af0b1e0c 12 150 19575 35775 55275 73950 92400 111976 130500 149475 168300 186300 192975 2848
-------------------- time=5.72837305069 seconds

-------------------- 
cmd=cddb query af0b1e0c 12 150 19575 35775 55275 73950 92400 111976 130500 149475 168300 186300 192975 2848
-------------------- time=3.40059399605 seconds

-------------------- 
cmd=cddb query af0b1e0c 12 150 19575 35775 55275 73950 92400 111976 130500 149475 168300 186300 192975 2848
-------------------- time=3.40445995331 seconds

-------------------- 
cmd=cddb query af0b1e0c 12 150 19575 35775 55275 73950 92400 111976 130500 149475 168300 186300 192975 2848
-------------------- time=3.59485507011 seconds

-------------------- 
cmd=cddb query af0b1e0c 12 150 19575 35775 55275 73950 92400 111976 130500 149475 168300 186300 192975 2848
-------------------- time=3.41417002678 seconds

-------------------- 
cmd=cddb query af0b1e0c 12 150 19575 35775 55275 73950 92400 111976 130500 149475 168300 186300 192975 2848
-------------------- time=3.42578816414 seconds

-------------------- 
cmd=cddb query af0b1e0c 12 150 19575 35775 55275 73950 92400 111976 130500 149475 168300 186300 192975 2848
-------------------- time=3.39399003983 seconds

-------------------- 
cmd=cddb query af0b1e0c 12 150 19575 35775 55275 73950 92400 111976 130500 149475 168300 186300 192975 2848
-------------------- time=3.39840602875 seconds

-------------------- 
cmd=cddb query af0b1e0c 12 150 19575 35775 55275 73950 92400 111976 130500 149475 168300 186300 192975 2848
-------------------- time=3.40158510208 seconds

-------------------- 
cmd=cddb query af0b1e0c 12 150 19575 35775 55275 73950 92400 111976 130500 149475 168300 186300 192975 2848
-------------------- time=3.43958091736 seconds

-------------------- 
cmd=cddb query af0b1e0c 12 150 19575 35775 55275 73950 92400 111976 130500 149475 168300 186300 192975 2848
-------------------- time=5.9431347847 seconds

-------------------- 
cmd=cddb query af0b1e0c 12 150 19575 35775 55275 73950 92400 111976 130500 149475 168300 186300 192975 2848
-------------------- time=3.33337402344 seconds

-------------------- 
cmd=cddb query af0b1e0c 12 150 19575 35775 55275 73950 92400 111976 130500 149475 168300 186300 192975 2848
-------------------- time=7.69752812386 seconds

-------------------- 
cmd=cddb query af0b1e0c 12 150 19575 35775 55275 73950 92400 111976 130500 149475 168300 186300 192975 2848
-------------------- time=3.68893885612 seconds

-------------------- 
cmd=cddb query af0b1e0c 12 150 19575 35775 55275 73950 92400 111976 130500 149475 168300 186300 192975 2848
-------------------- time=3.67950296402 seconds

-------------------- 
cmd=cddb query af0b1e0c 12 150 19575 35775 55275 73950 92400 111976 130500 149475 168300 186300 192975 2848
-------------------- 
cmd=cddb query af0b1e0c 12 150 19575 35775 55275 73950 92400 111976 130500 149475 168300 186300 192975 2848
-------------------- 
cmd=cddb query af0b1e0c 12 150 19575 35775 55275 73950 92400 111976 130500 149475 168300 186300 192975 2848
-------------------- time=0.579708814621 seconds

-------------------- 
cmd=cddb query f20e2c10 16 150 10650 29325 44100 54675 71100 90300 110550 129750 145875 164100 176850 198975 214800 231225 252600 3630
-------------------- time=1.59593892097 seconds

-------------------- 
cmd=cddb query 9612620c 12 150 18825 35550 53100 76800 95175 119325 139800 163275 178500 197475 232650 4708
-------------------- time=0.820043087006 seconds

-------------------- 
cmd=cddb+query+9612620c+12+150+18825+35550+53100+76800+95175+119325+139800+163275+178500+197475+232650+4708
-------------------- time=0.11972784996 seconds

-------------------- 
cmd=cddb+query+9612620c+12+150+18825+35550+53100+76800+95175+119325+139800+163275+178500+197475+232650+4708
-------------------- time=0.135231018066 seconds

-------------------- 
cmd=cddb+query+9612620c+12+150+18825+35550+53100+76800+95175+119325+139800+163275+178500+197475+232650+4708
-------------------- 
cmd=cddb+query+9612620c+12+150+18825+35550+53100+76800+95175+119325+139800+163275+178500+197475+232650+4708
-------------------- time=3.5280110836 seconds

-------------------- 
cmd=cddb+query+9612620c+12+150+18825+35550+53100+76800+95175+119325+139800+163275+178500+197475+232650+4708
-------------------- time=0.127193927765 seconds

-------------------- 
cmd=cddb+query+9612620c+12+150+18825+35550+53100+76800+95175+119325+139800+163275+178500+197475+232650+4708
-------------------- time=0.12767791748 seconds

-------------------- 
cmd=cddb+query+9612620c+12+150+18825+35550+53100+76800+95175+119325+139800+163275+178500+197475+232650+4708
-------------------- time=0.126397848129 seconds

-------------------- 
cmd=cddb+query+9612620c+12+150+18825+35550+53100+76800+95175+119325+139800+163275+178500+197475+232650+4708
-------------------- time=0.125795125961 seconds

-------------------- 
cmd=cddb+query+9612620c+12+150+18825+35550+53100+76800+95175+119325+139800+163275+178500+197475+232650+4708
-------------------- time=0.135617017746 seconds

-------------------- 
cmd=cddb+query+af0b1e0c+12+150+19575+35775+55275+73950+92400+111976+130500+149475+168300+186300+192975+2848
-------------------- time=0.432104110718 seconds

-------------------- 
cmd=cddb+read+rock+ad0b1c0c
-------------------- 
cmd=cddb+read+rock+ad0b1c0c
-------------------- time=0.0170938968658 seconds

-------------------- 
cmd=cddb+read+rock+ad0b1c0c
-------------------- time=0.00774097442627 seconds

-------------------- 
cmd=cddb+read+rock+ad0b1c0c
-------------------- time=5.32909297943 seconds

-------------------- 
cmd=cddb+read+rock+ad0b1c0c
-------------------- time=0.307506084442 seconds

-------------------- 
cmd=cddb+read+rock+ad0b1c0c
-------------------- time=0.299669981003 seconds

-------------------- 
cmd=cddb+read+rock+ad0b1c0c
-------------------- time=0.009850025177 seconds

-------------------- 
cmd=cddb+read+rock+ad0b1c0c
-------------------- time=0.00768494606018 seconds

-------------------- 
cmd=cddb+query+9612620c+12+150+18825+35550+53100+76800+95175+119325+139800+163275+178500+197475+232650+4708
-------------------- time=0.120038986206 seconds

-------------------- 
cmd=cddb+read+rock+9e12680c
-------------------- time=0.0306370258331 seconds

-------------------- 
cmd=cddb+query+790a250a+10+150+20250+41325+61650+79275+103800+118050+133725+153150+169800+2599
-------------------- time=1.59103488922 seconds

-------------------- 
cmd=cddb+read+folk+8e0a2a0a
-------------------- time=0.0174200534821 seconds

-------------------- 
cmd=cddb+read+rock+8e0a2a0a
-------------------- time=0.0314660072327 seconds

-------------------- 
cmd=cddb+read+folk+8e0a2a0a
-------------------- time=0.00703692436218 seconds

